Determining if the pthread_create exist failed with the following output:
Change Dir: /home/mihir/Documents/JDERobot_GSoC/build/catkin_tools_prebuild/CMakeFiles/CMakeTmp

Run Build Command:"/usr/bin/make" "cmTC_8fd09/fast"
/usr/bin/make -f CMakeFiles/cmTC_8fd09.dir/build.make CMakeFiles/cmTC_8fd09.dir/build
make[1]: Entering directory '/home/mihir/Documents/JDERobot_GSoC/build/catkin_tools_prebuild/CMakeFiles/CMakeTmp'
Building C object CMakeFiles/cmTC_8fd09.dir/CheckSymbolExists.c.o
/usr/bin/cc    -o CMakeFiles/cmTC_8fd09.dir/CheckSymbolExists.c.o   -c /home/mihir/Documents/JDERobot_GSoC/build/catkin_tools_prebuild/CMakeFiles/CMakeTmp/CheckSymbolExists.c
Linking C executable cmTC_8fd09
/usr/bin/cmake -E cmake_link_script CMakeFiles/cmTC_8fd09.dir/link.txt --verbose=1
/usr/bin/cc      -rdynamic CMakeFiles/cmTC_8fd09.dir/CheckSymbolExists.c.o  -o cmTC_8fd09 
CMakeFiles/cmTC_8fd09.dir/CheckSymbolExists.c.o: In function `main':
CheckSymbolExists.c:(.text+0x1b): undefined reference to `pthread_create'
collect2: error: ld returned 1 exit status
CMakeFiles/cmTC_8fd09.dir/build.make:97: recipe for target 'cmTC_8fd09' failed
make[1]: *** [cmTC_8fd09] Error 1
make[1]: Leaving directory '/home/mihir/Documents/JDERobot_GSoC/build/catkin_tools_prebuild/CMakeFiles/CMakeTmp'
Makefile:126: recipe for target 'cmTC_8fd09/fast' failed
make: *** [cmTC_8fd09/fast] Error 2

File /home/mihir/Documents/JDERobot_GSoC/build/catkin_tools_prebuild/CMakeFiles/CMakeTmp/CheckSymbolExists.c:
/* */
#include <pthread.h>

int main(int argc, char** argv)
{
  (void)argv;
#ifndef pthread_create
  return ((int*)(&pthread_create))[argc];
#else
  (void)argc;
  return 0;
#endif
}

Determining if the function pthread_create exists in the pthreads failed with the following output:
Change Dir: /home/mihir/Documents/JDERobot_GSoC/build/catkin_tools_prebuild/CMakeFiles/CMakeTmp

Run Build Command:"/usr/bin/make" "cmTC_53e75/fast"
/usr/bin/make -f CMakeFiles/cmTC_53e75.dir/build.make CMakeFiles/cmTC_53e75.dir/build
make[1]: Entering directory '/home/mihir/Documents/JDERobot_GSoC/build/catkin_tools_prebuild/CMakeFiles/CMakeTmp'
Building C object CMakeFiles/cmTC_53e75.dir/CheckFunctionExists.c.o
/usr/bin/cc   -DCHECK_FUNCTION_EXISTS=pthread_create   -o CMakeFiles/cmTC_53e75.dir/CheckFunctionExists.c.o   -c /usr/share/cmake-3.10/Modules/CheckFunctionExists.c
Linking C executable cmTC_53e75
/usr/bin/cmake -E cmake_link_script CMakeFiles/cmTC_53e75.dir/link.txt --verbose=1
/usr/bin/cc  -DCHECK_FUNCTION_EXISTS=pthread_create    -rdynamic CMakeFiles/cmTC_53e75.dir/CheckFunctionExists.c.o  -o cmTC_53e75 -lpthreads 
/usr/bin/ld: cannot find -lpthreads
collect2: error: ld returned 1 exit status
CMakeFiles/cmTC_53e75.dir/build.make:97: recipe for target 'cmTC_53e75' failed
make[1]: *** [cmTC_53e75] Error 1
make[1]: Leaving directory '/home/mihir/Documents/JDERobot_GSoC/build/catkin_tools_prebuild/CMakeFiles/CMakeTmp'
Makefile:126: recipe for target 'cmTC_53e75/fast' failed
make: *** [cmTC_53e75/fast] Error 2


